-------------------------------------------------------------------------------
Test set: edu.berkeley.cs186.database.index.TestBPlusNode
-------------------------------------------------------------------------------
Tests run: 1, Failures: 0, Errors: 1, Skipped: 0, Time elapsed: 0.003 s <<< FAILURE! - in edu.berkeley.cs186.database.index.TestBPlusNode
testFromBytes(edu.berkeley.cs186.database.index.TestBPlusNode)  Time elapsed: 0.001 s  <<< ERROR!
java.lang.UnsupportedOperationException: TODO(hw2): implement.
	at edu.berkeley.cs186.database.index.LeafNode.fromBytes(LeafNode.java:338)
	at edu.berkeley.cs186.database.index.BPlusNode.fromBytes(BPlusNode.java:260)
	at edu.berkeley.cs186.database.index.TestBPlusNode.testFromBytes(TestBPlusNode.java:67)
	at sun.reflect.NativeMethodAccessorImpl.invoke0(Native Method)
	at sun.reflect.NativeMethodAccessorImpl.invoke(NativeMethodAccessorImpl.java:62)
	at sun.reflect.DelegatingMethodAccessorImpl.invoke(DelegatingMethodAccessorImpl.java:43)
	at java.lang.reflect.Method.invoke(Method.java:498)
	at org.junit.runners.model.FrameworkMethod$1.runReflectiveCall(FrameworkMethod.java:50)
	at org.junit.internal.runners.model.ReflectiveCallable.run(ReflectiveCallable.java:12)
	at org.junit.runners.model.FrameworkMethod.invokeExplosively(FrameworkMethod.java:47)
	at org.junit.internal.runners.statements.InvokeMethod.evaluate(InvokeMethod.java:17)
	at org.junit.internal.runners.statements.FailOnTimeout$CallableStatement.call(FailOnTimeout.java:298)
	at org.junit.internal.runners.statements.FailOnTimeout$CallableStatement.call(FailOnTimeout.java:292)
	at java.util.concurrent.FutureTask.run(FutureTask.java:266)
	at java.lang.Thread.run(Thread.java:748)

